[2026-01-23 10:21:41.705051] Scheduler checking 0 pending tasks...
[2026-01-23 10:23:57.245641] Scheduler checking 0 pending tasks...
[2026-01-23 10:24:57.245451] Scheduler checking 0 pending tasks...
[2026-01-23 10:25:57.252266] Scheduler checking 0 pending tasks...
[2026-01-23 10:26:57.246370] Scheduler checking 0 pending tasks...
[2026-01-23 10:27:57.251843] Scheduler checking 0 pending tasks...
[2026-01-23 10:28:57.242292] Scheduler checking 0 pending tasks...
[2026-01-23 10:29:57.247271] Scheduler checking 0 pending tasks...
[2026-01-23 10:30:57.241327] Scheduler checking 0 pending tasks...
[2026-01-23 10:31:57.250915] Scheduler checking 0 pending tasks...
[2026-01-23 10:32:57.241148] Scheduler checking 0 pending tasks...
[2026-01-23 10:33:57.248364] Scheduler checking 0 pending tasks...
[2026-01-23 10:34:57.243591] Scheduler checking 0 pending tasks...
[2026-01-23 10:35:57.248279] Scheduler checking 0 pending tasks...
[2026-01-23 10:36:57.247193] Scheduler checking 0 pending tasks...
[2026-01-23 10:37:57.246010] Scheduler checking 0 pending tasks...
[2026-01-23 10:38:57.250172] Scheduler checking 0 pending tasks...
[2026-01-23 10:39:57.241717] Scheduler checking 1 pending tasks...
[2026-01-23 10:39:57.241717] Attempting email for: Testing  to sreekeerthig04@gmail.com
[2026-01-23 10:39:57.241717] FAILED to send email: (334, b'UGFzc3dvcmQ6')
[2026-01-23 10:40:57.248482] Scheduler checking 1 pending tasks...
[2026-01-23 10:40:57.248482] Attempting email for: Testing  to sreekeerthig04@gmail.com
[2026-01-23 10:40:57.248482] FAILED to send email: (334, b'UGFzc3dvcmQ6')
[2026-01-23 10:41:57.241466] Scheduler checking 1 pending tasks...
[2026-01-23 10:41:57.241466] Attempting email for: Testing  to sreekeerthig04@gmail.com
[2026-01-23 10:41:57.241466] FAILED to send email: (334, b'UGFzc3dvcmQ6')
[2026-01-23 10:42:57.248493] Scheduler checking 1 pending tasks...
[2026-01-23 10:42:57.248493] Attempting email for: Testing  to sreekeerthig04@gmail.com
[2026-01-23 10:42:57.248493] FAILED to send email: (334, b'UGFzc3dvcmQ6')
[2026-01-23 10:43:57.254764] Scheduler checking 1 pending tasks...
[2026-01-23 10:43:57.254764] Attempting email for: Testing  to sreekeerthig04@gmail.com
[2026-01-23 10:43:57.254764] FAILED to send email: (334, b'UGFzc3dvcmQ6')
[2026-01-23 10:44:57.243647] Scheduler checking 1 pending tasks...
[2026-01-23 10:44:57.243647] Attempting email for: Testing  to sreekeerthig04@gmail.com
[2026-01-23 10:44:57.243647] FAILED to send email: (334, b'UGFzc3dvcmQ6')
[2026-01-23 10:45:57.247597] Scheduler checking 1 pending tasks...
[2026-01-23 10:45:57.247597] Attempting email for: Testing  to sreekeerthig04@gmail.com
[2026-01-23 10:45:57.247597] FAILED to send email: (334, b'UGFzc3dvcmQ6')
[2026-01-23 10:46:57.253080] Scheduler checking 1 pending tasks...
[2026-01-23 10:46:57.253080] Attempting email for: Testing  to sreekeerthig04@gmail.com
[2026-01-23 10:46:57.253080] FAILED to send email: (334, b'UGFzc3dvcmQ6')
[2026-01-23 10:47:57.243403] Scheduler checking 1 pending tasks...
[2026-01-23 10:47:57.243403] Attempting email for: Testing  to sreekeerthig04@gmail.com
[2026-01-23 10:47:57.243403] FAILED to send email: (334, b'UGFzc3dvcmQ6')
[2026-01-23 10:48:57.246557] Scheduler checking 1 pending tasks...
[2026-01-23 10:48:57.246557] Attempting email for: Testing  to sreekeerthig04@gmail.com
[2026-01-23 10:48:57.246557] FAILED to send email: (334, b'UGFzc3dvcmQ6')
[2026-01-23 10:49:57.249460] Scheduler checking 1 pending tasks...
[2026-01-23 10:49:57.249460] Attempting email for: Testing  to sreekeerthig04@gmail.com
[2026-01-23 10:49:57.249460] FAILED to send email: (334, b'UGFzc3dvcmQ6')
[2026-01-23 10:50:57.247299] Scheduler checking 1 pending tasks...
[2026-01-23 10:50:57.247299] Task 'Testing ' skipped: Deadline passed or not near.
[2026-01-23 10:51:57.251178] Scheduler checking 1 pending tasks...
[2026-01-23 10:51:57.251178] Task 'Testing ' skipped: Deadline passed or not near.
[2026-01-23 10:52:57.247514] Scheduler checking 1 pending tasks...
[2026-01-23 10:52:57.247514] Task 'Testing ' skipped: Deadline passed or not near.
[2026-01-23 10:53:57.241654] Scheduler checking 1 pending tasks...
[2026-01-23 10:53:57.241654] Task 'Testing ' skipped: Deadline passed or not near.
[2026-01-23 10:54:57.249626] Scheduler checking 1 pending tasks...
[2026-01-23 10:54:57.249626] Task 'Testing ' skipped: Deadline passed or not near.
[2026-01-23 10:55:57.249488] Scheduler checking 1 pending tasks...
[2026-01-23 10:55:57.249488] Task 'Testing ' skipped: Deadline passed or not near.
[2026-01-23 10:56:57.243332] Scheduler checking 1 pending tasks...
[2026-01-23 10:56:57.243332] Task 'Testing ' skipped: Deadline passed or not near.
[2026-01-23 10:57:57.244540] Scheduler checking 1 pending tasks...
[2026-01-23 10:57:57.244540] Task 'Testing ' skipped: Deadline passed or not near.
[2026-01-23 10:58:57.245056] Scheduler checking 1 pending tasks...
[2026-01-23 10:58:57.245056] Task 'Testing ' skipped: Deadline passed or not near.
[2026-01-23 10:59:57.249630] Scheduler checking 1 pending tasks...
[2026-01-23 10:59:57.249630] Task 'Testing ' skipped: Deadline passed or not near.
[2026-01-23 11:00:57.245646] Scheduler checking 1 pending tasks...
[2026-01-23 11:00:57.245646] Task 'Testing ' skipped: Deadline passed or not near.
[2026-01-23 11:01:57.247826] Scheduler checking 1 pending tasks...
[2026-01-23 11:01:57.247826] Task 'Testing ' skipped: Deadline passed or not near.
[2026-01-23 11:02:57.242656] Scheduler checking 1 pending tasks...
[2026-01-23 11:02:57.242656] Task 'Testing ' skipped: Deadline passed or not near.
[2026-01-23 11:03:57.249818] Scheduler checking 1 pending tasks...
[2026-01-23 11:03:57.249818] Task 'Testing ' skipped: Deadline passed or not near.
[2026-01-23 11:04:57.252426] Scheduler checking 1 pending tasks...
[2026-01-23 11:04:57.252426] Task 'Testing ' skipped: Deadline passed or not near.
[2026-01-23 11:06:13.001471] Scheduler checking 1 pending tasks...
[2026-01-23 11:06:13.001471] Task 'Testing ' skipped: Deadline passed or not near.
[2026-01-23 11:08:13.405196] Scheduler checking 1 pending tasks...
[2026-01-23 11:08:13.405196] Task 'Testing ' skipped: Deadline passed or not near.
[2026-01-23 11:09:13.405154] Scheduler checking 1 pending tasks...
[2026-01-23 11:09:13.405154] Task 'Testing ' skipped: Deadline passed or not near.
[2026-01-23 11:10:13.412380] Scheduler checking 1 pending tasks...
[2026-01-23 11:10:13.412380] Task 'Testing ' skipped: Deadline passed or not near.
[2026-01-23 11:11:13.409589] Scheduler checking 2 pending tasks...
[2026-01-23 11:11:13.409589] Task 'Testing ' skipped: Deadline passed or not near.
[2026-01-23 11:11:13.409589] Attempting email for: Background Test to sreekeerthig04@gmail.com
[2026-01-23 11:11:13.409589] FAILED to send email: (334, b'UGFzc3dvcmQ6')
[2026-01-23 11:12:13.403440] Scheduler checking 2 pending tasks...
[2026-01-23 11:12:13.403440] Task 'Testing ' skipped: Deadline passed or not near.
[2026-01-23 11:12:13.403440] Task 'Background Test' skipped: Not time for next reminder.
[2026-01-23 11:13:13.401528] Scheduler checking 2 pending tasks...
[2026-01-23 11:13:13.401528] Task 'Testing ' skipped: Deadline passed or not near.
[2026-01-23 11:13:13.401528] Task 'Background Test' skipped: Not time for next reminder.
[2026-01-23 11:14:42.655947] Scheduler checking 0 pending tasks...
[2026-01-23 11:15:00.292344] Scheduler checking 1 pending tasks...
[2026-01-23 11:15:00.292344] Attempting email for: Guarantee Test to sreekeerthig04@gmail.com
[2026-01-23 11:15:00.292344] Email sent successfully.
[2026-01-23 11:15:42.659103] Scheduler checking 1 pending tasks...
[2026-01-23 11:15:42.659103] Task 'Guarantee Test' skipped: Not time for next reminder.
[2026-01-23 11:16:00.287991] Scheduler checking 1 pending tasks...
[2026-01-23 11:16:00.287991] Task 'Guarantee Test' skipped: Not time for next reminder.
[2026-01-23 11:16:42.658717] Scheduler checking 1 pending tasks...
[2026-01-23 11:16:42.658717] Task 'Guarantee Test' skipped: Not time for next reminder.
[2026-01-23 11:17:00.299274] Scheduler checking 1 pending tasks...
[2026-01-23 11:17:00.299274] Task 'Guarantee Test' skipped: Not time for next reminder.
[2026-01-23 11:17:42.654110] Scheduler checking 1 pending tasks...
[2026-01-23 11:17:42.654110] Task 'Guarantee Test' skipped: Not time for next reminder.
[2026-01-23 11:18:00.293465] Scheduler checking 1 pending tasks...
[2026-01-23 11:18:00.293465] Task 'Guarantee Test' skipped: Not time for next reminder.
[2026-01-23 11:18:42.649992] Scheduler checking 1 pending tasks...
[2026-01-23 11:18:42.649992] Task 'Guarantee Test' skipped: Not time for next reminder.
[2026-01-23 11:19:00.289314] Scheduler checking 1 pending tasks...
[2026-01-23 11:19:00.289314] Task 'Guarantee Test' skipped: Not time for next reminder.
[2026-01-23 11:19:42.657850] Scheduler checking 1 pending tasks...
[2026-01-23 11:19:42.657850] Task 'Guarantee Test' skipped: Not time for next reminder.
[2026-01-23 11:20:00.288091] Scheduler checking 1 pending tasks...
[2026-01-23 11:20:00.288091] Task 'Guarantee Test' skipped: Not time for next reminder.
[2026-01-23 11:20:42.659357] Scheduler checking 1 pending tasks...
[2026-01-23 11:20:42.659357] Task 'Guarantee Test' skipped: Not time for next reminder.
[2026-01-23 11:21:00.297205] Scheduler checking 1 pending tasks...
[2026-01-23 11:21:00.297205] Task 'Guarantee Test' skipped: Not time for next reminder.
[2026-01-23 11:21:42.652159] Scheduler checking 1 pending tasks...
[2026-01-23 11:21:42.652159] Task 'Guarantee Test' skipped: Not time for next reminder.
[2026-01-23 11:22:00.290979] Scheduler checking 1 pending tasks...
[2026-01-23 11:22:00.290979] Task 'Guarantee Test' skipped: Not time for next reminder.
[2026-01-23 11:22:42.656838] Scheduler checking 1 pending tasks...
[2026-01-23 11:22:42.656838] Task 'Guarantee Test' skipped: Not time for next reminder.
[2026-01-23 11:23:00.298301] Scheduler checking 1 pending tasks...
[2026-01-23 11:23:00.298301] Task 'Guarantee Test' skipped: Not time for next reminder.
[2026-01-23 11:23:42.662430] Scheduler checking 1 pending tasks...
[2026-01-23 11:23:42.662430] Task 'Guarantee Test' skipped: Not time for next reminder.
[2026-01-23 11:24:00.288139] Scheduler checking 1 pending tasks...
[2026-01-23 11:24:00.288139] Task 'Guarantee Test' skipped: Not time for next reminder.
[2026-01-23 11:24:42.657391] Scheduler checking 1 pending tasks...
[2026-01-23 11:24:42.657391] Task 'Guarantee Test' skipped: Not time for next reminder.
[2026-01-23 11:25:00.285971] Scheduler checking 1 pending tasks...
[2026-01-23 11:25:00.285971] Task 'Guarantee Test' skipped: Deadline passed or not near.
[2026-01-23 11:25:42.656890] Scheduler checking 1 pending tasks...
[2026-01-23 11:25:42.656890] Task 'Guarantee Test' skipped: Deadline passed or not near.
[2026-01-23 11:26:00.289902] Scheduler checking 1 pending tasks...
[2026-01-23 11:26:00.289902] Task 'Guarantee Test' skipped: Deadline passed or not near.
[2026-01-23 11:27:04.982605] Scheduler checking 1 pending tasks...
[2026-01-23 18:12:48 IST] Triggering IST notification for: 'Production Test' to test@example.com
[2026-01-23 18:12:51 IST] SUCCESS: Email sent for 'Production Test'.
[2026-01-23 19:08:21 IST] Triggering IST notification for: 'Verification ' to sreekeerthig04@gmail.com
[2026-01-23 19:08:27 IST] SUCCESS: Email sent for 'Verification '.
